<?xml version="1.0" encoding="UTF-8"?>
<testng-results ignored="0" total="1" passed="1" failed="0" skipped="0">
  <reporter-output>
  </reporter-output>
  <suite started-at="2023-03-05T02:14:10 IST" name="Default suite" finished-at="2023-03-05T02:14:58 IST" duration-ms="47646">
    <groups>
    </groups>
    <test started-at="2023-03-05T02:14:10 IST" name="Default test" finished-at="2023-03-05T02:14:58 IST" duration-ms="47646">
      <class name="Com.Test.Test_tc_001">
        <test-method is-config="true" signature="SetUp()[pri:0, instance:Com.Test.Test_tc_001@3835c46]" started-at="2023-03-05T02:14:10 IST" name="SetUp" finished-at="2023-03-05T02:14:44 IST" duration-ms="34019" status="PASS">
          <reporter-output>
          </reporter-output>
        </test-method> <!-- SetUp -->
        <test-method signature="verify_Login_validCredential()[pri:0, instance:Com.Test.Test_tc_001@3835c46]" started-at="2023-03-05T02:14:44 IST" name="verify_Login_validCredential" finished-at="2023-03-05T02:14:58 IST" duration-ms="13080" status="PASS">
          <reporter-output>
          </reporter-output>
        </test-method> <!-- verify_Login_validCredential -->
        <test-method is-config="true" signature="tearDown()[pri:0, instance:Com.Test.Test_tc_001@3835c46]" started-at="2023-03-05T02:14:58 IST" name="tearDown" finished-at="2023-03-05T02:14:58 IST" duration-ms="481" status="PASS">
          <reporter-output>
          </reporter-output>
        </test-method> <!-- tearDown -->
      </class> <!-- Com.Test.Test_tc_001 -->
    </test> <!-- Default test -->
  </suite> <!-- Default suite -->
</testng-results>
